<?xml version="1.0" encoding="UTF-8"?>
<testng-results skipped="0" failed="0" ignored="0" total="1" passed="1">
  <reporter-output>
  </reporter-output>
  <suite name="helloworld_Suraj.TestHelloWorld" duration-ms="113" started-at="2020-10-10T01:59:29 GST" finished-at="2020-10-10T01:59:29 GST">
    <groups>
    </groups>
    <test name="Command line test" duration-ms="113" started-at="2020-10-10T01:59:29 GST" finished-at="2020-10-10T01:59:29 GST">
      <class name="helloworld_Suraj.TestHelloWorld">
        <test-method status="PASS" signature="testHelloWorld()[pri:0, instance:helloworld_Suraj.TestHelloWorld@475530b9]" name="testHelloWorld" duration-ms="13" started-at="2020-10-10T01:59:29 GST" finished-at="2020-10-10T01:59:29 GST">
          <reporter-output>
          </reporter-output>
        </test-method> <!-- testHelloWorld -->
      </class> <!-- helloworld_Suraj.TestHelloWorld -->
    </test> <!-- Command line test -->
  </suite> <!-- helloworld_Suraj.TestHelloWorld -->
</testng-results>
